<testdef>
  <info>
    <name>test-vf-vf-iperf-perf</name>
    <desc>test-vf-vf-iperf-perf</desc>
    <owner>Roi Dayan</owner>
  </info>
  <tout>300</tout>
  <tags>
    <tag>iperf</tag>
    <tag>vf</tag>
  </tags>
  <ignore>
    <bug>1251244</bug>
  </ignore>
</testdef>
