<testdef>
  <info>
    <name>test-tc-insert-rules-pedit-ttl</name>
    <desc>test-tc-insert-rules-pedit-ttl</desc>
    <owner>Roi Dayan</owner>
  </info>
  <tout>300</tout>
  <tags>
    <tag>tc</tag>
  </tags>
  <ignore>
    <bug>1366970</bug>
  </ignore>
</testdef>
