<testdef>
  <info>
    <name>test-eswitch-add-flows-during-reload</name>
    <desc>test-eswitch-add-flows-during-reload</desc>
    <owner>Roi Dayan</owner>
  </info>
  <tout>300</tout>
  <tags>
    <tag>eswitch</tag>
  </tags>
  <ignore>
    <bug>1497154</bug>
  </ignore>
</testdef>
