<testdef>
  <info>
    <name>test-vxlan-neigh-update-warn</name>
    <desc>test-vxlan-neigh-update-warn</desc>
    <owner>Roi Dayan</owner>
  </info>
  <tout>300</tout>
  <tags>
    <tag>vxlan</tag>
  </tags>
  <ignore>
    <bug/>
  </ignore>
</testdef>
