<testdef>
  <info>
    <name>test-tc-insert-rules</name>
    <desc>test-tc-insert-rules</desc>
    <owner>Roi Dayan</owner>
  </info>
  <tout>300</tout>
  <tags>
    <tag>tc</tag>
  </tags>
  <ignore>
    <bug>1546722</bug>
  </ignore>
</testdef>
