<testdef>
  <info>
    <name>test-qinq-tc-rules</name>
    <desc>Test qinq feature by addidng rule in tc</desc>
    <owner>Avihu Hagag</owner>
  </info>
  <tout>1000</tout>
  <tags>
    <tag>qinq</tag>
  </tags>
  <ignore/>
</testdef>
