<testdef>
  <info>
    <name>test-ovs-dpctl-flows</name>
    <desc>test dpctl flows</desc>
    <owner>Avihu Hagag</owner>
  </info>
  <tout>1000</tout>
  <tags>
    <tag>dpctl-flows</tag>
  </tags>
  <ignore/>
</testdef>
