<testdef>
  <info>
    <name>test-tc-max-rules-legacy</name>
    <desc>test-tc-max-rules-legacy</desc>
    <owner>Roi Dayan</owner>
  </info>
  <tout>420</tout>
  <tags>
    <tag>tc</tag>
  </tags>
  <ignore>
    <bug>1486319</bug>
  </ignore>
</testdef>
