<testdef>
  <info>
    <name>test-tc-par-add-ovr-del</name>
    <desc>test-tc-par-add-ovr-del</desc>
    <owner>Roi Dayan</owner>
  </info>
  <tout>300</tout>
  <tags>
    <tag>tc</tag>
  </tags>
  <ignore>
    <bug>1527583</bug>
    <IgnoreByTestAll/>
  </ignore>
</testdef>
