<testdef>
  <info>
    <name>test-eswitch-no-carrier</name>
    <desc>test-eswitch-no-carrier</desc>
    <owner>Roi Dayan</owner>
  </info>
  <tout>300</tout>
  <tags>
    <tag>eswitch</tag>
  </tags>
  <ignore>
    <bug/>
  </ignore>
</testdef>
