<testdef>
  <info>
    <name>test-tc-max-rules-1M-rules</name>
    <desc>test-tc-max-rules-1M-rules</desc>
    <owner>Roi Dayan</owner>
  </info>
  <tout>1800</tout>
  <tags>
    <tag>tc</tag>
  </tags>
  <ignore>
    <bug>1499479</bug>
  </ignore>
</testdef>
