<testdef>
  <info>
    <name>test-ovs-geneve-in-ns-ipv6</name>
    <desc>test-ovs-geneve-in-ns-ipv6</desc>
    <owner>Yevgeny Kliteynik</owner>
  </info>
  <tout>1000</tout>
  <tags>
    <tag>geneve</tag>
    <tag>ovs</tag>
  </tags>
  <ignore>
    </bug>
  </ignore>
</testdef>
