<testdef>
  <info>
    <name>test-tc-shuffle-4</name>
    <desc>test-tc-shuffle-4</desc>
    <owner>Roi Dayan</owner>
  </info>
  <tout>300</tout>
  <tags>
    <tag>tc</tag>
  </tags>
  <ignore>
    <bug/>
  </ignore>
</testdef>
