<testdef>
  <info>
    <name>test-tc-rule-act-add</name>
    <desc>test-tc-rule-act-add</desc>
    <owner>Roi Dayan</owner>
  </info>
  <tout>300</tout>
  <tags>
    <tag>tc</tag>
  </tags>
  <ignore>
    <bug>1540623</bug>
  </ignore>
</testdef>
