<testdef>
  <info>
    <name>test-ecmp-vf-vf-ping</name>
    <desc>test-ecmp-vf-vf-ping</desc>
    <owner>Roi Dayan</owner>
  </info>
  <tout>300</tout>
  <tags>
    <tag>vf</tag>
    <tag>ecmp</tag>
  </tags>
  <ignore>
    <bug/>
  </ignore>
</testdef>
