<testdef>
  <info>
    <name>test-tc-insert-rules-port2</name>
    <desc>test-tc-insert-rules-port2</desc>
    <owner>Roi Dayan</owner>
  </info>
  <tout>300</tout>
  <tags>
    <tag>tc</tag>
  </tags>
  <ignore>
    <bug>154726</bug>
  </ignore>
</testdef>
