<testdef>
  <info>
    <name>test-eswitch-reload-modules-different-state</name>
    <desc>test-eswitch-reload-modules-different-state</desc>
    <owner>Roi Dayan</owner>
  </info>
  <tout>900</tout>
  <tags>
    <tag>eswitch</tag>
  </tags>
  <ignore>
    <bug>1497154</bug>
  </ignore>
</testdef>
