<testdef>
  <info>
    <name>test-ct-tcp-pedit</name>
    <desc>test-ct-tcp-pedit</desc>
    <owner>Roi Dayan</owner>
  </info>
  <tout>300</tout>
  <tags>
    <tag>ct</tag>
  </tags>
  <ignore>
    <bug/>
    <IgnoreByTestAll/>
  </ignore>
</testdef>
