<testdef>
  <info>
    <name>test-ecmp-add-vxlan-encap-disable-sriov</name>
    <desc>test-ecmp-add-vxlan-encap-disable-sriov</desc>
    <owner>Roi Dayan</owner>
  </info>
  <tout>300</tout>
  <tags>
    <tag>vxlan</tag>
    <tag>ecmp</tag>
  </tags>
  <ignore>
    <bug/>
  </ignore>
</testdef>
