<testdef>
  <info>
    <name>test-vf-rep-tcp-fragmented</name>
    <desc>test-vf-rep-tcp-fragmented</desc>
    <owner>Roi Dayan</owner>
  </info>
  <tout>300</tout>
  <tags>
    <tag>rep</tag>
    <tag>vf</tag>
  </tags>
  <ignore>
    <bug/>
  </ignore>
</testdef>
