<testdef>
  <info>
    <name>test-vf-vf-fwd-fl_classify</name>
    <desc>test-vf-vf-fwd-fl_classify</desc>
    <owner>Roi Dayan</owner>
  </info>
  <tout>900</tout>
  <tags>
    <tag>vf</tag>
  </tags>
  <ignore>
    <bug>1546760</bug>
  </ignore>
</testdef>
