<testdef>
  <info>
    <name>test-geneve-port-offload-options</name>
    <desc>test-geneve-port-offload-options</desc>
    <owner>Yevgeny Kliteynik</owner>
  </info>
  <tout>1000</tout>
  <tags>
    <tag>geneve</tag>
  </tags>
  <ignore>
    <bug/>
  </ignore>
</testdef>
