<testdef>
  <info>
    <name>test-tc-merged-esw-vf-vf</name>
    <desc>test-tc-merged-esw-vf-vf</desc>
    <owner>Roi Dayan</owner>
  </info>
  <tout>300</tout>
  <tags>
    <tag>tc</tag>
    <tag>vf</tag>
  </tags>
  <ignore>
    <bug>1546726</bug>
  </ignore>
</testdef>
