<testdef>
  <info>
    <name>test-eswitch-toggle-modes</name>
    <desc>test-eswitch-toggle-modes</desc>
    <owner>Roi Dayan</owner>
  </info>
  <tout>300</tout>
  <tags>
    <tag>eswitch</tag>
  </tags>
  <ignore>
    <bug>1524524</bug>
  </ignore>
</testdef>
