<testdef>
  <info>
    <name>test-vf-zero-header-raw</name>
    <desc>test-vf-zero-header-raw</desc>
    <owner>Roi Dayan</owner>
  </info>
  <tout>300</tout>
  <tags>
    <tag>vf</tag>
  </tags>
  <ignore>
    <bug/>
  </ignore>
</testdef>
