<testdef>
  <info>
    <name>test-ecmp-lag-affinity</name>
    <desc>test-ecmp-lag-affinity</desc>
    <owner>Roi Dayan</owner>
  </info>
  <tout>300</tout>
  <tags>
    <tag>ecmp</tag>
  </tags>
  <ignore>
    <bug/>
  </ignore>
</testdef>
